  dip_proc.cpp
C:\Users\BNO ECHO\Documents\GitHub\digital-image-processing-110-2\DIP-MDI\DIP_proc\dip_proc.cpp(27,15): warning C4244: '正在初始化': 將 'double' 轉換為 'int'，由於類型不同，可能導致資料遺失
C:\Users\BNO ECHO\Documents\GitHub\digital-image-processing-110-2\DIP-MDI\DIP_proc\dip_proc.cpp(107,15): warning C4244: '正在初始化': 將 'float' 轉換為 'int'，由於類型不同，可能導致資料遺失
C:\Users\BNO ECHO\Documents\GitHub\digital-image-processing-110-2\DIP-MDI\DIP_proc\dip_proc.cpp(111,15): warning C4244: '正在初始化': 將 'float' 轉換為 'int'，由於類型不同，可能導致資料遺失
C:\Users\BNO ECHO\Documents\GitHub\digital-image-processing-110-2\DIP-MDI\DIP_proc\dip_proc.cpp(123,63): warning C4244: '=': 將 'float' 轉換為 'int'，由於類型不同，可能導致資料遺失
C:\Users\BNO ECHO\Documents\GitHub\digital-image-processing-110-2\DIP-MDI\DIP_proc\dip_proc.cpp(162,89): warning C4244: '=': 將 'int' 轉換為 'float'，由於類型不同，可能導致資料遺失
C:\Users\BNO ECHO\Documents\GitHub\digital-image-processing-110-2\DIP-MDI\DIP_proc\dip_proc.cpp(172,69): warning C4244: '=': 將 'float' 轉換為 'int'，由於類型不同，可能導致資料遺失
C:\Users\BNO ECHO\Documents\GitHub\digital-image-processing-110-2\DIP-MDI\DIP_proc\dip_proc.cpp(199,81): warning C4244: '=': 將 'double' 轉換為 'int'，由於類型不同，可能導致資料遺失
C:\Users\BNO ECHO\Documents\GitHub\digital-image-processing-110-2\DIP-MDI\DIP_proc\dip_proc.cpp(223,40): warning C4244: '=': 將 'double' 轉換為 'int'，由於類型不同，可能導致資料遺失
C:\Users\BNO ECHO\Documents\GitHub\digital-image-processing-110-2\DIP-MDI\DIP_proc\dip_proc.cpp(252,40): warning C4244: '=': 將 'double' 轉換為 'int'，由於類型不同，可能導致資料遺失
C:\Users\BNO ECHO\Documents\GitHub\digital-image-processing-110-2\DIP-MDI\DIP_proc\dip_proc.cpp(282,40): warning C4244: '=': 將 'double' 轉換為 'int'，由於類型不同，可能導致資料遺失
C:\Users\BNO ECHO\Documents\GitHub\digital-image-processing-110-2\DIP-MDI\DIP_proc\dip_proc.cpp(306,40): warning C4244: '=': 將 'double' 轉換為 'int'，由於類型不同，可能導致資料遺失
C:\Users\BNO ECHO\Documents\GitHub\digital-image-processing-110-2\DIP-MDI\DIP_proc\dip_proc.cpp(329,36): warning C4244: '=': 將 'double' 轉換為 'int'，由於類型不同，可能導致資料遺失
C:\Users\BNO ECHO\Documents\GitHub\digital-image-processing-110-2\DIP-MDI\DIP_proc\dip_proc.cpp(354,36): warning C4244: '=': 將 'double' 轉換為 'int'，由於類型不同，可能導致資料遺失
C:\Users\BNO ECHO\Documents\GitHub\digital-image-processing-110-2\DIP-MDI\DIP_proc\dip_proc.cpp(363,14): warning C4244: '引數': 將 'time_t' 轉換為 'unsigned int'，由於類型不同，可能導致資料遺失
C:\Users\BNO ECHO\Documents\GitHub\digital-image-processing-110-2\DIP-MDI\DIP_proc\dip_proc.cpp(420,13): warning C4244: '正在初始化': 將 '_Ty' 轉換為 'int'，由於類型不同，可能導致資料遺失
          with
          [
              _Ty=double
          ]
C:\Users\BNO ECHO\Documents\GitHub\digital-image-processing-110-2\DIP-MDI\DIP_proc\dip_proc.cpp(421,13): warning C4244: '正在初始化': 將 '_Ty' 轉換為 'int'，由於類型不同，可能導致資料遺失
          with
          [
              _Ty=double
          ]
C:\Users\BNO ECHO\Documents\GitHub\digital-image-processing-110-2\DIP-MDI\DIP_proc\dip_proc.cpp(422,13): warning C4244: '正在初始化': 將 '_Ty' 轉換為 'int'，由於類型不同，可能導致資料遺失
          with
          [
              _Ty=double
          ]
C:\Users\BNO ECHO\Documents\GitHub\digital-image-processing-110-2\DIP-MDI\DIP_proc\dip_proc.cpp(423,13): warning C4244: '正在初始化': 將 '_Ty' 轉換為 'int'，由於類型不同，可能導致資料遺失
          with
          [
              _Ty=double
          ]
C:\Users\BNO ECHO\Documents\GitHub\digital-image-processing-110-2\DIP-MDI\DIP_proc\dip_proc.cpp(427,32): warning C4244: '=': 將 'double' 轉換為 'int'，由於類型不同，可能導致資料遺失
C:\Users\BNO ECHO\Documents\GitHub\digital-image-processing-110-2\DIP-MDI\DIP_proc\dip_proc.cpp(428,32): warning C4244: '=': 將 'double' 轉換為 'int'，由於類型不同，可能導致資料遺失
C:\Users\BNO ECHO\Documents\GitHub\digital-image-processing-110-2\DIP-MDI\DIP_proc\dip_proc.cpp(451,100): warning C4244: '=': 將 'double' 轉換為 'int'，由於類型不同，可能導致資料遺失
C:\Users\BNO ECHO\Documents\GitHub\digital-image-processing-110-2\DIP-MDI\DIP_proc\dip_proc.cpp(466,14): warning C4244: '引數': 將 'time_t' 轉換為 'unsigned int'，由於類型不同，可能導致資料遺失
  DIP_proc.vcxproj -> C:\Users\BNO ECHO\Documents\GitHub\digital-image-processing-110-2\DIP-MDI\DIP\DIP_proc.dll
