c:\users\bno echo\documents\選修-數位影像處理導論\w5\dip-mdi\dip-mdi\dip_proc\debug\dip_proc.pch
c:\users\bno echo\documents\選修-數位影像處理導論\w5\dip-mdi\dip-mdi\dip_proc\debug\vc142.pdb
c:\users\bno echo\documents\選修-數位影像處理導論\w5\dip-mdi\dip-mdi\dip_proc\debug\vc142.idb
c:\users\bno echo\documents\選修-數位影像處理導論\w5\dip-mdi\dip-mdi\dip_proc\debug\pch.obj
c:\users\bno echo\documents\選修-數位影像處理導論\w5\dip-mdi\dip-mdi\dip_proc\debug\dllmain.obj
c:\users\bno echo\documents\選修-數位影像處理導論\w5\dip-mdi\dip-mdi\dip_proc\debug\dip_proc.obj
c:\users\bno echo\documents\選修-數位影像處理導論\w5\dip-mdi\dip-mdi\dip\dip_proc.lib
c:\users\bno echo\documents\選修-數位影像處理導論\w5\dip-mdi\dip-mdi\dip\dip_proc.exp
c:\users\bno echo\documents\選修-數位影像處理導論\w5\dip-mdi\dip-mdi\dip\dip_proc.dll
c:\users\bno echo\documents\選修-數位影像處理導論\w5\dip-mdi\dip-mdi\dip_proc\debug\dip_proc.ilk
c:\users\bno echo\documents\選修-數位影像處理導論\w5\dip-mdi\dip-mdi\dip\dip_proc.pdb
c:\users\bno echo\documents\選修-數位影像處理導論\w5\dip-mdi\dip-mdi\dip_proc\debug\dip_proc.tlog\cl.command.1.tlog
c:\users\bno echo\documents\選修-數位影像處理導論\w5\dip-mdi\dip-mdi\dip_proc\debug\dip_proc.tlog\cl.read.1.tlog
c:\users\bno echo\documents\選修-數位影像處理導論\w5\dip-mdi\dip-mdi\dip_proc\debug\dip_proc.tlog\cl.write.1.tlog
c:\users\bno echo\documents\選修-數位影像處理導論\w5\dip-mdi\dip-mdi\dip_proc\debug\dip_proc.tlog\dip_proc.write.1u.tlog
c:\users\bno echo\documents\選修-數位影像處理導論\w5\dip-mdi\dip-mdi\dip_proc\debug\dip_proc.tlog\link.31844.delete.1.tlog
c:\users\bno echo\documents\選修-數位影像處理導論\w5\dip-mdi\dip-mdi\dip_proc\debug\dip_proc.tlog\link.9552.delete.1.tlog
c:\users\bno echo\documents\選修-數位影像處理導論\w5\dip-mdi\dip-mdi\dip_proc\debug\dip_proc.tlog\link.command.1.tlog
c:\users\bno echo\documents\選修-數位影像處理導論\w5\dip-mdi\dip-mdi\dip_proc\debug\dip_proc.tlog\link.read.1.tlog
c:\users\bno echo\documents\選修-數位影像處理導論\w5\dip-mdi\dip-mdi\dip_proc\debug\dip_proc.tlog\link.write.1.tlog
